


ARM Macro Assembler    Page 1 


    1 00000000         ; pratica0.s
    2 00000000         ; Desenvolvido para a placa EK-TM4C1294XL
    3 00000000         ; VItor Dalprá / Gabriel Willig / Jo?o Mendes
    4 00000000         ; 24/03/2024
    5 00000000         ; Feito com base no exemplo.s do professor Guilherme de 
                       Santi Peron de Sistemas Microcontrolados da UTFPR.
    6 00000000         
    7 00000000         
    8 00000000         
    9 00000000         
   10 00000000         ; ------------------------------------------------------
                       -------------------------
   11 00000000                 THUMB                        ; Instru??es do tip
                                                            o Thumb-2
   12 00000000         ; ------------------------------------------------------
                       -------------------------
   13 00000000         ; Declara??es EQU - Defines
   14 00000000         ;<NOME>         EQU <VALOR>
   15 00000000 0000003F 
                       DISPLAY_0
                               EQU              2_00111111
   16 00000000 00000006 
                       DISPLAY_1
                               EQU              2_00000110
   17 00000000 0000005B 
                       DISPLAY_2
                               EQU              2_01011011
   18 00000000 0000004F 
                       DISPLAY_3
                               EQU              2_01001111
   19 00000000 00000066 
                       DISPLAY_4
                               EQU              2_01100110
   20 00000000 0000006D 
                       DISPLAY_5
                               EQU              2_01101101
   21 00000000 0000007D 
                       DISPLAY_6
                               EQU              2_01111101
   22 00000000 00000007 
                       DISPLAY_7
                               EQU              2_00000111
   23 00000000 0000007F 
                       DISPLAY_8
                               EQU              2_01111111
   24 00000000 0000006F 
                       DISPLAY_9
                               EQU              2_01101111
   25 00000000         
   26 00000000         ; ------------------------------------------------------
                       -------------------------
   27 00000000         ; ?rea de Dados - Declara??es de vari?veis
   28 00000000                 AREA             DATA, ALIGN=2
   29 00000000         
   30 00000000         
   31 00000000         
   32 00000000         ; Se alguma vari?vel for chamada em outro arquivo
   33 00000000         ;EXPORT  <var> [DATA,SIZE=<tam>]   ; Permite chamar a va
                       ri?vel <var> a 



ARM Macro Assembler    Page 2 


   34 00000000         ; partir de outro arquivo
   35 00000000         ;<var> SPACE <tam>                        ; Declara uma 
                       vari?vel de nome <var>
   36 00000000         ; de <tam> bytes a partir da primeira 
   37 00000000         ; posi??o da RAM  
   38 00000000         
   39 00000000         ; ------------------------------------------------------
                       -------------------------
   40 00000000         ; ?rea de C?digo - Tudo abaixo da diretiva a seguir ser?
                        armazenado na mem?ria de 
   41 00000000         ;                  c?digo
   42 00000000                 AREA             |.text|, CODE, READONLY, ALIGN=
2
   43 00000000         
   44 00000000         ; Se alguma fun??o do arquivo for chamada em outro arqui
                       vo 
   45 00000000                 EXPORT           Decoder     ; Permite chamar a 
                                                            fun??o START a part
                                                            ir de 
   46 00000000                 EXPORT           Increment   ; outro arquivo. No
                                                             caso startup.s
   47 00000000                 EXPORT           Set_1
   48 00000000                 EXPORT           Set_0
   49 00000000         
   50 00000000         ; Se chamar alguma fun??o externa 
   51 00000000         ;IMPORT <func>              ; Permite chamar dentro dest
                       e arquivo uma 
   52 00000000         ; fun??o <func>
   53 00000000                 IMPORT           GetOutputBits
   54 00000000                 IMPORT           SetOutputBits
   55 00000000         
   56 00000000         ; ------------------------------------------------------
                       -------------------------
   57 00000000         ; Fun??o main()
   58 00000000         Decoder
   59 00000000         ; Comece o c?digo aqui <================================
                       ======================
   60 00000000         Increment
   61 00000000 B505            push             {R0, R2, LR}
   62 00000002         
   63 00000002 F7FF FFFE       BL               GetOutputBits
   64 00000006         
   65 00000006         
   66 00000006 283F            CMP              R0, #DISPLAY_0
   67 00000008 D0FE            BEQ              Set_1
   68 0000000A         
   69 0000000A         
   70 0000000A 2806            CMP              R0, #DISPLAY_1
   71 0000000C D024            BEQ              Set_2
   72 0000000E         
   73 0000000E 285B            CMP              R0, #DISPLAY_2
   74 00000010 D02A            BEQ              Set_3
   75 00000012         
   76 00000012         
   77 00000012 284F            CMP              R0, #DISPLAY_3
   78 00000014 D030            BEQ              Set_4
   79 00000016         
   80 00000016         
   81 00000016 284F            CMP              R0, #DISPLAY_3



ARM Macro Assembler    Page 3 


   82 00000018 D02E            BEQ              Set_4
   83 0000001A         
   84 0000001A         
   85 0000001A 2866            CMP              R0, #DISPLAY_4
   86 0000001C D034            BEQ              Set_5
   87 0000001E         
   88 0000001E 286D            CMP              R0, #DISPLAY_5
   89 00000020 D03A            BEQ              Set_6
   90 00000022         
   91 00000022         
   92 00000022 287D            CMP              R0, #DISPLAY_6
   93 00000024 D040            BEQ              Set_7
   94 00000026         
   95 00000026 2807            CMP              R0, #DISPLAY_7
   96 00000028 D046            BEQ              Set_8
   97 0000002A         
   98 0000002A 287F            CMP              R0, #DISPLAY_8
   99 0000002C D04C            BEQ              Set_9
  100 0000002E         
  101 0000002E 286F            CMP              R0, #DISPLAY_9
  102 00000030 D0FE            BEQ              Set_0
  103 00000032         
  104 00000032         
  105 00000032         Exit_Increment
  106 00000032 E8BD 4005       pop              {R0, R2, LR}
  107 00000036 4770            BX               LR
  108 00000038         
  109 00000038         Set_0
  110 00000038 B501            push             {R0, LR}
  111 0000003A F04F 003F       ldr              R0, =DISPLAY_0
  112 0000003E F7FF FFFE       BL               SetOutputBits
  113 00000042 E8BD 4001       pop              {R0, LR}
  114 00000046 E7F4            B                Exit_Increment
  115 00000048         
  116 00000048         Set_1
  117 00000048 B501            push             {R0, LR}
  118 0000004A F04F 0006       ldr              R0, =DISPLAY_1
  119 0000004E F7FF FFFE       BL               SetOutputBits
  120 00000052 E8BD 4001       pop              {R0, LR}
  121 00000056 E7EC            B                Exit_Increment
  122 00000058         Set_2
  123 00000058 B501            push             {R0, LR}
  124 0000005A F04F 005B       ldr              R0, =DISPLAY_2
  125 0000005E F7FF FFFE       BL               SetOutputBits
  126 00000062 E8BD 4001       pop              {R0, LR}
  127 00000066 E7E4            B                Exit_Increment
  128 00000068         
  129 00000068         Set_3
  130 00000068 B501            push             {R0, LR}
  131 0000006A F04F 004F       ldr              R0, =DISPLAY_3
  132 0000006E         
  133 0000006E F7FF FFFE       BL               SetOutputBits
  134 00000072 E8BD 4001       pop              {R0, LR}
  135 00000076 E7DC            B                Exit_Increment
  136 00000078         
  137 00000078         Set_4
  138 00000078 B501            push             {R0, LR}
  139 0000007A F04F 0066       ldr              R0, =DISPLAY_4
  140 0000007E F7FF FFFE       BL               SetOutputBits



ARM Macro Assembler    Page 4 


  141 00000082 E8BD 4001       pop              {R0, LR}
  142 00000086 E7D4            B                Exit_Increment
  143 00000088         
  144 00000088         Set_5
  145 00000088 B501            push             {R0, LR}
  146 0000008A F04F 006D       ldr              R0, =DISPLAY_5
  147 0000008E F7FF FFFE       BL               SetOutputBits
  148 00000092 E8BD 4001       pop              {R0, LR}
  149 00000096 E7CC            B                Exit_Increment
  150 00000098         
  151 00000098         Set_6
  152 00000098 B501            push             {R0, LR}
  153 0000009A F04F 007D       ldr              R0, =DISPLAY_6
  154 0000009E F7FF FFFE       BL               SetOutputBits
  155 000000A2 E8BD 4001       pop              {R0, LR}
  156 000000A6 E7C4            B                Exit_Increment
  157 000000A8         
  158 000000A8         Set_7
  159 000000A8 B501            push             {R0, LR}
  160 000000AA F04F 0007       ldr              R0, =DISPLAY_7
  161 000000AE F7FF FFFE       BL               SetOutputBits
  162 000000B2 E8BD 4001       pop              {R0, LR}
  163 000000B6 E7BC            B                Exit_Increment
  164 000000B8         
  165 000000B8         Set_8
  166 000000B8 B501            push             {R0, LR}
  167 000000BA F04F 007F       ldr              R0, =DISPLAY_8
  168 000000BE F7FF FFFE       BL               SetOutputBits
  169 000000C2 E8BD 4001       pop              {R0, LR}
  170 000000C6 E7B4            B                Exit_Increment
  171 000000C8         
  172 000000C8         Set_9
  173 000000C8 B501            push             {R0, LR}
  174 000000CA F04F 006F       ldr              R0, =DISPLAY_9
  175 000000CE F7FF FFFE       BL               SetOutputBits
  176 000000D2 E8BD 4001       pop              {R0, LR}
  177 000000D6 E7AC            B                Exit_Increment
  178 000000D8         
  179 000000D8         END_EXEC
  180 000000D8 BF00            NOP
  181 000000DA 00 00           ALIGN                        ; garante que o fim
                                                             da se??o est? alin
                                                            hada 
  182 000000DC                 END                          ; fim do arquivo
Command Line: --debug --xref --diag_suppress=9931 --cpu=Cortex-M4.fp --apcs=int
erwork --depend=.\objects\decoder.d -o.\objects\decoder.o -IC:\Users\DAELN\Desk
top\ucontrolados\Pratica1\RTE -IC:\Keil_v5\ARM\PACK\Keil\TM4C_DFP\1.1.0\Device\
Include\TM4C129 -IC:\Keil_v5\ARM\CMSIS\Include --predefine="__EVAL SETA 1" --pr
edefine="__UVISION_VERSION SETA 518" --predefine="TM4C1294NCPDT SETA 1" --list=
.\listings\decoder.lst src\decoder.s



ARM Macro Assembler    Page 1 Alphabetic symbol ordering
Relocatable symbols

DATA 00000000

Symbol: DATA
   Definitions
      At line 28 in file src\decoder.s
   Uses
      None
Comment: DATA unused
1 symbol



ARM Macro Assembler    Page 1 Alphabetic symbol ordering
Relocatable symbols

.text 00000000

Symbol: .text
   Definitions
      At line 42 in file src\decoder.s
   Uses
      None
Comment: .text unused
Decoder 00000000

Symbol: Decoder
   Definitions
      At line 58 in file src\decoder.s
   Uses
      At line 45 in file src\decoder.s
Comment: Decoder used once
END_EXEC 000000D8

Symbol: END_EXEC
   Definitions
      At line 179 in file src\decoder.s
   Uses
      None
Comment: END_EXEC unused
Exit_Increment 00000032

Symbol: Exit_Increment
   Definitions
      At line 105 in file src\decoder.s
   Uses
      At line 114 in file src\decoder.s
      At line 121 in file src\decoder.s
      At line 127 in file src\decoder.s
      At line 135 in file src\decoder.s
      At line 142 in file src\decoder.s
      At line 149 in file src\decoder.s
      At line 156 in file src\decoder.s
      At line 163 in file src\decoder.s
      At line 170 in file src\decoder.s
      At line 177 in file src\decoder.s

Increment 00000000

Symbol: Increment
   Definitions
      At line 60 in file src\decoder.s
   Uses
      At line 46 in file src\decoder.s
Comment: Increment used once
Set_0 00000038

Symbol: Set_0
   Definitions
      At line 109 in file src\decoder.s
   Uses
      At line 48 in file src\decoder.s
      At line 102 in file src\decoder.s

Set_1 00000048



ARM Macro Assembler    Page 2 Alphabetic symbol ordering
Relocatable symbols


Symbol: Set_1
   Definitions
      At line 116 in file src\decoder.s
   Uses
      At line 47 in file src\decoder.s
      At line 67 in file src\decoder.s

Set_2 00000058

Symbol: Set_2
   Definitions
      At line 122 in file src\decoder.s
   Uses
      At line 71 in file src\decoder.s
Comment: Set_2 used once
Set_3 00000068

Symbol: Set_3
   Definitions
      At line 129 in file src\decoder.s
   Uses
      At line 74 in file src\decoder.s
Comment: Set_3 used once
Set_4 00000078

Symbol: Set_4
   Definitions
      At line 137 in file src\decoder.s
   Uses
      At line 78 in file src\decoder.s
      At line 82 in file src\decoder.s

Set_5 00000088

Symbol: Set_5
   Definitions
      At line 144 in file src\decoder.s
   Uses
      At line 86 in file src\decoder.s
Comment: Set_5 used once
Set_6 00000098

Symbol: Set_6
   Definitions
      At line 151 in file src\decoder.s
   Uses
      At line 89 in file src\decoder.s
Comment: Set_6 used once
Set_7 000000A8

Symbol: Set_7
   Definitions
      At line 158 in file src\decoder.s
   Uses
      At line 93 in file src\decoder.s
Comment: Set_7 used once
Set_8 000000B8




ARM Macro Assembler    Page 3 Alphabetic symbol ordering
Relocatable symbols

Symbol: Set_8
   Definitions
      At line 165 in file src\decoder.s
   Uses
      At line 96 in file src\decoder.s
Comment: Set_8 used once
Set_9 000000C8

Symbol: Set_9
   Definitions
      At line 172 in file src\decoder.s
   Uses
      At line 99 in file src\decoder.s
Comment: Set_9 used once
15 symbols



ARM Macro Assembler    Page 1 Alphabetic symbol ordering
Absolute symbols

DISPLAY_0 0000003F

Symbol: DISPLAY_0
   Definitions
      At line 15 in file src\decoder.s
   Uses
      At line 66 in file src\decoder.s
      At line 111 in file src\decoder.s

DISPLAY_1 00000006

Symbol: DISPLAY_1
   Definitions
      At line 16 in file src\decoder.s
   Uses
      At line 70 in file src\decoder.s
      At line 118 in file src\decoder.s

DISPLAY_2 0000005B

Symbol: DISPLAY_2
   Definitions
      At line 17 in file src\decoder.s
   Uses
      At line 73 in file src\decoder.s
      At line 124 in file src\decoder.s

DISPLAY_3 0000004F

Symbol: DISPLAY_3
   Definitions
      At line 18 in file src\decoder.s
   Uses
      At line 77 in file src\decoder.s
      At line 81 in file src\decoder.s
      At line 131 in file src\decoder.s

DISPLAY_4 00000066

Symbol: DISPLAY_4
   Definitions
      At line 19 in file src\decoder.s
   Uses
      At line 85 in file src\decoder.s
      At line 139 in file src\decoder.s

DISPLAY_5 0000006D

Symbol: DISPLAY_5
   Definitions
      At line 20 in file src\decoder.s
   Uses
      At line 88 in file src\decoder.s
      At line 146 in file src\decoder.s

DISPLAY_6 0000007D

Symbol: DISPLAY_6
   Definitions



ARM Macro Assembler    Page 2 Alphabetic symbol ordering
Absolute symbols

      At line 21 in file src\decoder.s
   Uses
      At line 92 in file src\decoder.s
      At line 153 in file src\decoder.s

DISPLAY_7 00000007

Symbol: DISPLAY_7
   Definitions
      At line 22 in file src\decoder.s
   Uses
      At line 95 in file src\decoder.s
      At line 160 in file src\decoder.s

DISPLAY_8 0000007F

Symbol: DISPLAY_8
   Definitions
      At line 23 in file src\decoder.s
   Uses
      At line 98 in file src\decoder.s
      At line 167 in file src\decoder.s

DISPLAY_9 0000006F

Symbol: DISPLAY_9
   Definitions
      At line 24 in file src\decoder.s
   Uses
      At line 101 in file src\decoder.s
      At line 174 in file src\decoder.s

10 symbols



ARM Macro Assembler    Page 1 Alphabetic symbol ordering
External symbols

GetOutputBits 00000000

Symbol: GetOutputBits
   Definitions
      At line 53 in file src\decoder.s
   Uses
      At line 63 in file src\decoder.s
Comment: GetOutputBits used once
SetOutputBits 00000000

Symbol: SetOutputBits
   Definitions
      At line 54 in file src\decoder.s
   Uses
      At line 112 in file src\decoder.s
      At line 119 in file src\decoder.s
      At line 125 in file src\decoder.s
      At line 133 in file src\decoder.s
      At line 140 in file src\decoder.s
      At line 147 in file src\decoder.s
      At line 154 in file src\decoder.s
      At line 161 in file src\decoder.s
      At line 168 in file src\decoder.s
      At line 175 in file src\decoder.s

2 symbols
362 symbols in table
