


ARM Macro Assembler    Page 1 


    1 00000000         ; gpio.s
    2 00000000         ; Desenvolvido para a placa EK-TM4C1294XL
    3 00000000         ; Prof. Guilherme Peron
    4 00000000         ; 24/08/2020
    5 00000000         
    6 00000000         ; ------------------------------------------------------
                       -------------------------
    7 00000000                 THUMB                        ; Instruções do tip
                                                            o Thumb-2
    8 00000000         ; ------------------------------------------------------
                       -------------------------
    9 00000000         ; Declarações EQU - Defines
   10 00000000         ; ========================
   11 00000000         ; Definições de Valores
   12 00000000 00000001 
                       BIT0    EQU              2_0001
   13 00000000 00000002 
                       BIT1    EQU              2_0010
   14 00000000         ; ========================
   15 00000000         ; Definições dos Registradores Gerais
   16 00000000 400FE608 
                       SYSCTL_RCGCGPIO_R
                               EQU              0x400FE608
   17 00000000 400FEA08 
                       SYSCTL_PRGPIO_R
                               EQU              0x400FEA08
   18 00000000         ; ========================
   19 00000000         ; Definições dos Ports
   20 00000000         
   21 00000000         ; Common port offsets
   22 00000000 00000520 
                       LOCK_OFFSET
                               EQU              0x520
   23 00000000 00000524 
                       CR_OFFSET
                               EQU              0x524
   24 00000000 00000528 
                       AMSEL_OFFSET
                               EQU              0x528
   25 00000000 0000052C 
                       PCTL_OFFSET
                               EQU              0x52C
   26 00000000 00000400 
                       DIR_OFFSET
                               EQU              0x400
   27 00000000 00000420 
                       AFSEL_OFFSET
                               EQU              0x420
   28 00000000 0000051C 
                       DEN_OFFSET
                               EQU              0x51C
   29 00000000 00000510 
                       PUR_OFFSET
                               EQU              0x510
   30 00000000 000003FC 
                       DATA_OFFSET
                               EQU              0x3FC
   31 00000000 00000000 
                       DATA_BITS_OFFSET



ARM Macro Assembler    Page 2 


                               EQU              0x000
   32 00000000         
   33 00000000         ; Port base addresses, define according to your microcon
                       troller's datasheet
   34 00000000 40058000 
                       GPIO_PORTA_BASE
                               EQU              0x40058000
   35 00000000 40059000 
                       GPIO_PORTB_BASE
                               EQU              0x40059000
   36 00000000 40060000 
                       GPIO_PORTJ_BASE
                               EQU              0x40060000
   37 00000000 40064000 
                       GPIO_PORTN_BASE
                               EQU              0x40064000
   38 00000000 40065000 
                       GPIO_PORTP_BASE
                               EQU              0x40065000
   39 00000000 40066000 
                       GPIO_PORTQ_BASE
                               EQU              0x40066000
   40 00000000         
   41 00000000 00000001 
                       GPIO_PORTA
                               EQU              2_000000000000001
   42 00000000 00000002 
                       GPIO_PORTB
                               EQU              2_000000000000010
   43 00000000 00000100 
                       GPIO_PORTJ
                               EQU              2_000000100000000
   44 00000000 00001000 
                       GPIO_PORTN
                               EQU              2_001000000000000
   45 00000000 00002000 
                       GPIO_PORTP
                               EQU              2_010000000000000
   46 00000000 00004000 
                       GPIO_PORTQ
                               EQU              2_100000000000000
   47 00000000         
   48 00000000         
   49 00000000         
   50 00000000         ; ------------------------------------------------------
                       -------------------------
   51 00000000         ; Área de Código - Tudo abaixo da diretiva a seguir será
                        armazenado na memória de 
   52 00000000         ;                  código
   53 00000000                 AREA             |.text|, CODE, READONLY, ALIGN=
2
   54 00000000         
   55 00000000         ; Se alguma função do arquivo for chamada em outro arqui
                       vo 
   56 00000000                 EXPORT           GPIO_start  ; Permite chamar GP
                                                            IO_Init de outro ar
                                                            quivo
   57 00000000                 EXPORT           SetOutputBits
   58 00000000                 EXPORT           GetOutputBits



ARM Macro Assembler    Page 3 


   59 00000000                 EXPORT           SwitchPB4_PB5_PP5
   60 00000000         
   61 00000000         ;-------------------------------------------------------
                       -------------------------
   62 00000000         ; Função GPIO_start
   63 00000000         ; Parâmetro de entrada: Não tem
   64 00000000         ; Parâmetro de saída: Não tem
   65 00000000         GPIO_start
   66 00000000         ;=====================
   67 00000000         
   68 00000000         ; Ativar o clock para as portas
   69 00000000 4851            LDR              R0, =SYSCTL_RCGCGPIO_R
   70 00000002         
   71 00000002         
   72 00000002         
   73 00000002         ; Carrega o endereço base do port A
   74 00000002 F04F 0101       LDR              R1, =GPIO_PORTA
   75 00000006         
   76 00000006         ; Aplica OR com o endereço base do port B
   77 00000006 F04F 0202       LDR              R2, =GPIO_PORTB
   78 0000000A EA41 0102       ORR              R1, R1, R2
   79 0000000E         
   80 0000000E         ; Aplica OR com o endereço base do port J
   81 0000000E F44F 7280       LDR              R2, =GPIO_PORTJ
   82 00000012 EA41 0102       ORR              R1, R1, R2
   83 00000016         
   84 00000016         ; Aplica OR com o endereço base do port N
   85 00000016 F44F 5280       LDR              R2, =GPIO_PORTN
   86 0000001A EA41 0102       ORR              R1, R1, R2
   87 0000001E         
   88 0000001E         ; Aplica OR com o endereço base do port P
   89 0000001E F44F 5200       LDR              R2, =GPIO_PORTP
   90 00000022 EA41 0102       ORR              R1, R1, R2
   91 00000026         
   92 00000026         ; Aplica OR com o endereço base do port Q
   93 00000026 F44F 4280       LDR              R2, =GPIO_PORTQ
   94 0000002A EA41 0102       ORR              R1, R1, R2
   95 0000002E 6001            STR              R1, [R0]
   96 00000030         
   97 00000030         ; Espera até que todas as portas estejam prontas
   98 00000030 4846            LDR              R0, =SYSCTL_PRGPIO_R
   99 00000032         EsperaGPIO
  100 00000032 6801            LDR              R1, [R0]
  101 00000034 4209            TST              R1, R1
  102 00000036 D0FC            BEQ              EsperaGPIO
  103 00000038         
  104 00000038         ; Configurar portas
  105 00000038         
  106 00000038         
  107 00000038         
  108 00000038         ;Port A - SAIDA - PA4 - PA7
  109 00000038 F04F 0200       MOV              R2, #0x00
  110 0000003C 4844            LDR              R0, =GPIO_PORTA_BASE + AMSEL_OF
FSET
  111 0000003E 6002            STR              R2, [R0]    ; Desabilita função
                                                             analógica (PADRÃO)
                                                            
  112 00000040         
  113 00000040 4844            LDR              R0, =GPIO_PORTA_BASE + PCTL_OFF



ARM Macro Assembler    Page 4 


SET
  114 00000042 6002            STR              R2, [R0]    ; Limpa PCTL para s
                                                            elecionar GPIO (PAD
                                                            RÃO)
  115 00000044         
  116 00000044 4844            LDR              R0, =GPIO_PORTA_BASE + DIR_OFFS
ET
  117 00000046 F04F 02F0       MOV              R2, #2_11110000 ; Define os pin
                                                            os A7-A4 como saída
                                                            
  118 0000004A 6002            STR              R2, [R0]
  119 0000004C         
  120 0000004C         
  121 0000004C 4843            LDR              R0, =GPIO_PORTA_BASE + AFSEL_OF
FSET
  122 0000004E F04F 0200       MOV              R2, #0x00
  123 00000052 6002            STR              R2, [R0]    ; Desabilita funçõe
                                                            s alternativas
  124 00000054         
  125 00000054         
  126 00000054 4842            LDR              R0, =GPIO_PORTA_BASE + DEN_OFFS
ET
  127 00000056 F04F 02F0       MOV              R2, #2_11110000 ;
  128 0000005A 6002            STR              R2, [R0]    ; Habilita função d
                                                            igital
  129 0000005C         
  130 0000005C         
  131 0000005C         ;Se o pino for de entrada:
  132 0000005C         ;LDR     R0, =GPIO_PORTA_BASE + PUR_OFFSET
  133 0000005C         ;MOV     R2, #2_11110000 ; Habilita resistores de pull-u
                       p para pinos específicos
  134 0000005C         ;STR     R2, [R0]
  135 0000005C         
  136 0000005C         ;Port B - SAIDA - PB4 e PB5
  137 0000005C F04F 0200       MOV              R2, #0x00
  138 00000060 4840            LDR              R0, =GPIO_PORTB_BASE + AMSEL_OF
FSET
  139 00000062 6002            STR              R2, [R0]    ; Desabilita função
                                                             analógica (PADRÃO)
                                                            
  140 00000064         
  141 00000064 4840            LDR              R0, =GPIO_PORTB_BASE + PCTL_OFF
SET
  142 00000066 6002            STR              R2, [R0]    ; Limpa PCTL para s
                                                            elecionar GPIO (PAD
                                                            RÃO)
  143 00000068         
  144 00000068 4840            LDR              R0, =GPIO_PORTB_BASE + DIR_OFFS
ET
  145 0000006A F04F 0230       MOV              R2, #2_00110000 ; Define os pin
                                                            os como saida
  146 0000006E 6002            STR              R2, [R0]
  147 00000070         
  148 00000070         
  149 00000070 483F            LDR              R0, =GPIO_PORTB_BASE + AFSEL_OF
FSET
  150 00000072 F04F 0200       MOV              R2, #0x00
  151 00000076 6002            STR              R2, [R0]    ; Desabilita funçõe
                                                            s alternativas



ARM Macro Assembler    Page 5 


  152 00000078         
  153 00000078         
  154 00000078 483E            LDR              R0, =GPIO_PORTB_BASE + DEN_OFFS
ET
  155 0000007A F04F 0230       MOV              R2, #2_00110000 ;
  156 0000007E 6002            STR              R2, [R0]    ; Habilita função d
                                                            igital
  157 00000080         
  158 00000080         ;Port P - SAIDA - PP5
  159 00000080 F04F 0200       MOV              R2, #0x00
  160 00000084 483C            LDR              R0, =GPIO_PORTP_BASE + AMSEL_OF
FSET
  161 00000086 6002            STR              R2, [R0]    ; Desabilita função
                                                             analógica (PADRÃO)
                                                            
  162 00000088         
  163 00000088 483C            LDR              R0, =GPIO_PORTP_BASE + PCTL_OFF
SET
  164 0000008A 6002            STR              R2, [R0]    ; Limpa PCTL para s
                                                            elecionar GPIO (PAD
                                                            RÃO)
  165 0000008C         
  166 0000008C 483C            LDR              R0, =GPIO_PORTP_BASE + DIR_OFFS
ET
  167 0000008E F04F 0220       MOV              R2, #2_00100000 ; Define os pin
                                                            os como saida
  168 00000092 6002            STR              R2, [R0]
  169 00000094         
  170 00000094         
  171 00000094 483B            LDR              R0, =GPIO_PORTP_BASE + AFSEL_OF
FSET
  172 00000096 F04F 0200       MOV              R2, #0x00
  173 0000009A 6002            STR              R2, [R0]    ; Desabilita funçõe
                                                            s alternativas
  174 0000009C         
  175 0000009C         
  176 0000009C 483A            LDR              R0, =GPIO_PORTP_BASE + DEN_OFFS
ET
  177 0000009E F04F 0220       MOV              R2, #2_00100000 ;
  178 000000A2 6002            STR              R2, [R0]    ; Habilita função d
                                                            igital
  179 000000A4         
  180 000000A4         
  181 000000A4         
  182 000000A4         ;Port Q - SAIDA - PQ3 - PQ0
  183 000000A4 F04F 0200       MOV              R2, #0x00
  184 000000A8 4838            LDR              R0, =GPIO_PORTQ_BASE + AMSEL_OF
FSET
  185 000000AA 6002            STR              R2, [R0]    ; Desabilita função
                                                             analógica (PADRÃO)
                                                            
  186 000000AC         
  187 000000AC 4838            LDR              R0, =GPIO_PORTQ_BASE + PCTL_OFF
SET
  188 000000AE 6002            STR              R2, [R0]    ; Limpa PCTL para s
                                                            elecionar GPIO (PAD
                                                            RÃO)
  189 000000B0         
  190 000000B0 4838            LDR              R0, =GPIO_PORTQ_BASE + DIR_OFFS



ARM Macro Assembler    Page 6 


ET
  191 000000B2 F04F 020F       MOV              R2, #2_00001111 ; Define os pin
                                                            os A7-A4 como saída
                                                            
  192 000000B6 6002            STR              R2, [R0]
  193 000000B8         
  194 000000B8         
  195 000000B8 4837            LDR              R0, =GPIO_PORTQ_BASE + AFSEL_OF
FSET
  196 000000BA F04F 0200       MOV              R2, #0x00
  197 000000BE 6002            STR              R2, [R0]    ; Desabilita funçõe
                                                            s alternativas
  198 000000C0         
  199 000000C0         
  200 000000C0 4836            LDR              R0, =GPIO_PORTQ_BASE + DEN_OFFS
ET
  201 000000C2 F04F 020F       MOV              R2, #2_00001111 ;
  202 000000C6 6002            STR              R2, [R0]    ; Habilita função d
                                                            igital
  203 000000C8         
  204 000000C8 4770            BX               LR
  205 000000CA         
  206 000000CA         ; ------------------------------------------------------
                       -------------------------
  207 000000CA         SetOutputBits
  208 000000CA B40E            PUSH             {R1, R2, R3} ; Salva os registr
                                                            adores R1, R2 e R3
  209 000000CC         
  210 000000CC         ; Isola os 8 bits menos significativos de R0
  211 000000CC 4603            MOV              R3, R0
  212 000000CE F003 03FF       AND              R3, #0xFF
  213 000000D2         
  214 000000D2         ; Zerar todos os bits de A e Q antes de setar os novos v
                       alores
  215 000000D2 4933            LDR              R1, =GPIO_PORTA_BASE + DATA_OFF
SET
  216 000000D4 F04F 0200       MOV              R2, #0x00
  217 000000D8 600A            STR              R2, [R1]    ; Zera A7-A4
  218 000000DA         
  219 000000DA 4932            LDR              R1, =GPIO_PORTQ_BASE + DATA_OFF
SET
  220 000000DC 600A            STR              R2, [R1]    ; Zera Q3-Q0
  221 000000DE         
  222 000000DE         ; Trata os bits altos (A7-A4) de R3 para o port A
  223 000000DE 4930            LDR              R1, =GPIO_PORTA_BASE + DATA_OFF
SET 
                                                            ; Acessa o registra
                                                            dor correspondente 
                                                            a A4
  224 000000E0 600B            STR              R3, [R1]    ; Escreve os bits e
                                                            m A7-A4
  225 000000E2         
  226 000000E2         ; Trata os bits baixos (Q3-Q0) de R3 para o port Q
  227 000000E2 4930            LDR              R1, =GPIO_PORTQ_BASE + DATA_OFF
SET 
                                                            ; Acessa o registra
                                                            dor de dados de Q
  228 000000E4 600B            STR              R3, [R1]    ; Escreve os bits e
                                                            m Q3-Q0



ARM Macro Assembler    Page 7 


  229 000000E6         
  230 000000E6 BC0E            POP              {R1, R2, R3} ; Restaura os regi
                                                            stradores R1, R2 e 
                                                            R3
  231 000000E8 4770            BX               LR          ; Retorna da função
                                                            
  232 000000EA         
  233 000000EA         GetOutputBits
  234 000000EA B51E            PUSH             {R1, R2, LR, R3, R4}
  235 000000EC 492C            LDR              R1, =GPIO_PORTA_BASE + DATA_OFF
SET
  236 000000EE 4A2D            LDR              R2, =GPIO_PORTQ_BASE + DATA_OFF
SET
  237 000000F0 680B            LDR              R3, [R1]
  238 000000F2 F003 03F0       and              r3, #0xF0
  239 000000F6 6814            ldr              R4, [R2]
  240 000000F8 F004 040F       and              r4, #0xF
  241 000000FC         
  242 000000FC EA43 0304       orr              R3, R4
  243 00000100 4618            mov              R0, R3
  244 00000102         
  245 00000102 E8BD 401E       POP              {R1, R2, LR, R3, R4}
  246 00000106 4770            BX               LR
  247 00000108         
  248 00000108         ; Função SwitchPB4_PB5_PP5
  249 00000108         ; Parâmetro: R0 = 1 para 001, 2 para 010, 4 para 100
  250 00000108         SwitchPB4_PB5_PP5
  251 00000108 B406            PUSH             {R1, R2}    ; Salva os registra
                                                            dores usados
  252 0000010A         
  253 0000010A         ; Zerar PB4, PB5 e PP5
  254 0000010A 4927            LDR              R1, =GPIO_PORTB_BASE + DATA_OFF
SET 
                                                            ; Endereço de PB4
  255 0000010C F04F 0200       MOV              R2, #0
  256 00000110 600A            STR              R2, [R1]    ; Zera PB4
  257 00000112 4925            LDR              R1, =GPIO_PORTB_BASE + DATA_OFF
SET 
                                                            ; Endereço de PB5
  258 00000114 600A            STR              R2, [R1]    ; Zera PB5
  259 00000116 4925            LDR              R1, =GPIO_PORTP_BASE + DATA_OFF
SET 
                                                            ; Endereço de PP5
  260 00000118 600A            STR              R2, [R1]    ; Zera PP5
  261 0000011A         
  262 0000011A         ; Aplicar configuração baseada em R0
  263 0000011A 2801            CMP              R0, #1
  264 0000011C D004            BEQ              Set001
  265 0000011E 2802            CMP              R0, #2
  266 00000120 D007            BEQ              Set010
  267 00000122 2804            CMP              R0, #4
  268 00000124 D00A            BEQ              Set100
  269 00000126 E00D            B                Exit
  270 00000128         
  271 00000128         Set001
  272 00000128 4920            LDR              R1, =GPIO_PORTP_BASE + DATA_OFF
SET 
                                                            ; Endereço de PP5
  273 0000012A F04F 0220       MOV              R2, #2_00100000



ARM Macro Assembler    Page 8 


  274 0000012E 600A            STR              R2, [R1]    ; Seta PP5
  275 00000130 E008            B                Exit
  276 00000132         
  277 00000132         Set010
  278 00000132 491D            LDR              R1, =GPIO_PORTB_BASE + DATA_OFF
SET 
                                                            ; Endereço de PB5
  279 00000134 F04F 0220       MOV              R2, #2_00100000
  280 00000138 600A            STR              R2, [R1]    ; Seta PB5
  281 0000013A E003            B                Exit
  282 0000013C         
  283 0000013C         Set100
  284 0000013C 491A            LDR              R1, =GPIO_PORTB_BASE + DATA_OFF
SET 
                                                            ; Endereço de PB4
  285 0000013E F04F 0210       MOV              R2, #2_00010000
  286 00000142 600A            STR              R2, [R1]    ; Seta PB4
  287 00000144         
  288 00000144         Exit
  289 00000144 BC06            POP              {R1, R2}    ; Restaura os regis
                                                            tradores
  290 00000146 4770            BX               LR          ; Retorna da função
                                                            
  291 00000148         
  292 00000148         
  293 00000148                 ALIGN                        ; garante que o fim
                                                             da seção está alin
                                                            hada 
  294 00000148                 END                          ; fim do arquivo
              400FE608 
              400FEA08 
              40058528 
              4005852C 
              40058400 
              40058420 
              4005851C 
              40059528 
              4005952C 
              40059400 
              40059420 
              4005951C 
              40065528 
              4006552C 
              40065400 
              40065420 
              4006551C 
              40066528 
              4006652C 
              40066400 
              40066420 
              4006651C 
              400583FC 
              400663FC 
              400593FC 
              400653FC 
Command Line: --debug --xref --diag_suppress=9931 --cpu=Cortex-M4.fp --apcs=int
erwork --depend=.\objects\gpio_modificado.d -o.\objects\gpio_modificado.o -IC:\
Users\DAELN\Desktop\ucontrolados\Pratica1\RTE -IC:\Keil_v5\ARM\PACK\Keil\TM4C_D
FP\1.1.0\Device\Include\TM4C129 -IC:\Keil_v5\ARM\CMSIS\Include --predefine="__E



ARM Macro Assembler    Page 9 


VAL SETA 1" --predefine="__UVISION_VERSION SETA 518" --predefine="TM4C1294NCPDT
 SETA 1" --list=.\listings\gpio_modificado.lst src\gpio_modificado.s



ARM Macro Assembler    Page 1 Alphabetic symbol ordering
Relocatable symbols

.text 00000000

Symbol: .text
   Definitions
      At line 53 in file src\gpio_modificado.s
   Uses
      None
Comment: .text unused
EsperaGPIO 00000032

Symbol: EsperaGPIO
   Definitions
      At line 99 in file src\gpio_modificado.s
   Uses
      At line 102 in file src\gpio_modificado.s
Comment: EsperaGPIO used once
Exit 00000144

Symbol: Exit
   Definitions
      At line 288 in file src\gpio_modificado.s
   Uses
      At line 269 in file src\gpio_modificado.s
      At line 275 in file src\gpio_modificado.s
      At line 281 in file src\gpio_modificado.s

GPIO_start 00000000

Symbol: GPIO_start
   Definitions
      At line 65 in file src\gpio_modificado.s
   Uses
      At line 56 in file src\gpio_modificado.s
Comment: GPIO_start used once
GetOutputBits 000000EA

Symbol: GetOutputBits
   Definitions
      At line 233 in file src\gpio_modificado.s
   Uses
      At line 58 in file src\gpio_modificado.s
Comment: GetOutputBits used once
Set001 00000128

Symbol: Set001
   Definitions
      At line 271 in file src\gpio_modificado.s
   Uses
      At line 264 in file src\gpio_modificado.s
Comment: Set001 used once
Set010 00000132

Symbol: Set010
   Definitions
      At line 277 in file src\gpio_modificado.s
   Uses
      At line 266 in file src\gpio_modificado.s
Comment: Set010 used once
Set100 0000013C



ARM Macro Assembler    Page 2 Alphabetic symbol ordering
Relocatable symbols


Symbol: Set100
   Definitions
      At line 283 in file src\gpio_modificado.s
   Uses
      At line 268 in file src\gpio_modificado.s
Comment: Set100 used once
SetOutputBits 000000CA

Symbol: SetOutputBits
   Definitions
      At line 207 in file src\gpio_modificado.s
   Uses
      At line 57 in file src\gpio_modificado.s
Comment: SetOutputBits used once
SwitchPB4_PB5_PP5 00000108

Symbol: SwitchPB4_PB5_PP5
   Definitions
      At line 250 in file src\gpio_modificado.s
   Uses
      At line 59 in file src\gpio_modificado.s
Comment: SwitchPB4_PB5_PP5 used once
10 symbols



ARM Macro Assembler    Page 1 Alphabetic symbol ordering
Absolute symbols

AFSEL_OFFSET 00000420

Symbol: AFSEL_OFFSET
   Definitions
      At line 27 in file src\gpio_modificado.s
   Uses
      At line 121 in file src\gpio_modificado.s
      At line 149 in file src\gpio_modificado.s
      At line 171 in file src\gpio_modificado.s
      At line 195 in file src\gpio_modificado.s

AMSEL_OFFSET 00000528

Symbol: AMSEL_OFFSET
   Definitions
      At line 24 in file src\gpio_modificado.s
   Uses
      At line 110 in file src\gpio_modificado.s
      At line 138 in file src\gpio_modificado.s
      At line 160 in file src\gpio_modificado.s
      At line 184 in file src\gpio_modificado.s

BIT0 00000001

Symbol: BIT0
   Definitions
      At line 12 in file src\gpio_modificado.s
   Uses
      None
Comment: BIT0 unused
BIT1 00000002

Symbol: BIT1
   Definitions
      At line 13 in file src\gpio_modificado.s
   Uses
      None
Comment: BIT1 unused
CR_OFFSET 00000524

Symbol: CR_OFFSET
   Definitions
      At line 23 in file src\gpio_modificado.s
   Uses
      None
Comment: CR_OFFSET unused
DATA_BITS_OFFSET 00000000

Symbol: DATA_BITS_OFFSET
   Definitions
      At line 31 in file src\gpio_modificado.s
   Uses
      None
Comment: DATA_BITS_OFFSET unused
DATA_OFFSET 000003FC

Symbol: DATA_OFFSET
   Definitions
      At line 30 in file src\gpio_modificado.s



ARM Macro Assembler    Page 2 Alphabetic symbol ordering
Absolute symbols

   Uses
      At line 215 in file src\gpio_modificado.s
      At line 219 in file src\gpio_modificado.s
      At line 223 in file src\gpio_modificado.s
      At line 227 in file src\gpio_modificado.s
      At line 235 in file src\gpio_modificado.s
      At line 236 in file src\gpio_modificado.s
      At line 254 in file src\gpio_modificado.s
      At line 257 in file src\gpio_modificado.s
      At line 259 in file src\gpio_modificado.s
      At line 272 in file src\gpio_modificado.s
      At line 278 in file src\gpio_modificado.s
      At line 284 in file src\gpio_modificado.s

DEN_OFFSET 0000051C

Symbol: DEN_OFFSET
   Definitions
      At line 28 in file src\gpio_modificado.s
   Uses
      At line 126 in file src\gpio_modificado.s
      At line 154 in file src\gpio_modificado.s
      At line 176 in file src\gpio_modificado.s
      At line 200 in file src\gpio_modificado.s

DIR_OFFSET 00000400

Symbol: DIR_OFFSET
   Definitions
      At line 26 in file src\gpio_modificado.s
   Uses
      At line 116 in file src\gpio_modificado.s
      At line 144 in file src\gpio_modificado.s
      At line 166 in file src\gpio_modificado.s
      At line 190 in file src\gpio_modificado.s

GPIO_PORTA 00000001

Symbol: GPIO_PORTA
   Definitions
      At line 41 in file src\gpio_modificado.s
   Uses
      At line 74 in file src\gpio_modificado.s
Comment: GPIO_PORTA used once
GPIO_PORTA_BASE 40058000

Symbol: GPIO_PORTA_BASE
   Definitions
      At line 34 in file src\gpio_modificado.s
   Uses
      At line 110 in file src\gpio_modificado.s
      At line 113 in file src\gpio_modificado.s
      At line 116 in file src\gpio_modificado.s
      At line 121 in file src\gpio_modificado.s
      At line 126 in file src\gpio_modificado.s
      At line 215 in file src\gpio_modificado.s
      At line 223 in file src\gpio_modificado.s
      At line 235 in file src\gpio_modificado.s




ARM Macro Assembler    Page 3 Alphabetic symbol ordering
Absolute symbols

GPIO_PORTB 00000002

Symbol: GPIO_PORTB
   Definitions
      At line 42 in file src\gpio_modificado.s
   Uses
      At line 77 in file src\gpio_modificado.s
Comment: GPIO_PORTB used once
GPIO_PORTB_BASE 40059000

Symbol: GPIO_PORTB_BASE
   Definitions
      At line 35 in file src\gpio_modificado.s
   Uses
      At line 138 in file src\gpio_modificado.s
      At line 141 in file src\gpio_modificado.s
      At line 144 in file src\gpio_modificado.s
      At line 149 in file src\gpio_modificado.s
      At line 154 in file src\gpio_modificado.s
      At line 254 in file src\gpio_modificado.s
      At line 257 in file src\gpio_modificado.s
      At line 278 in file src\gpio_modificado.s
      At line 284 in file src\gpio_modificado.s

GPIO_PORTJ 00000100

Symbol: GPIO_PORTJ
   Definitions
      At line 43 in file src\gpio_modificado.s
   Uses
      At line 81 in file src\gpio_modificado.s
Comment: GPIO_PORTJ used once
GPIO_PORTJ_BASE 40060000

Symbol: GPIO_PORTJ_BASE
   Definitions
      At line 36 in file src\gpio_modificado.s
   Uses
      None
Comment: GPIO_PORTJ_BASE unused
GPIO_PORTN 00001000

Symbol: GPIO_PORTN
   Definitions
      At line 44 in file src\gpio_modificado.s
   Uses
      At line 85 in file src\gpio_modificado.s
Comment: GPIO_PORTN used once
GPIO_PORTN_BASE 40064000

Symbol: GPIO_PORTN_BASE
   Definitions
      At line 37 in file src\gpio_modificado.s
   Uses
      None
Comment: GPIO_PORTN_BASE unused
GPIO_PORTP 00002000

Symbol: GPIO_PORTP



ARM Macro Assembler    Page 4 Alphabetic symbol ordering
Absolute symbols

   Definitions
      At line 45 in file src\gpio_modificado.s
   Uses
      At line 89 in file src\gpio_modificado.s
Comment: GPIO_PORTP used once
GPIO_PORTP_BASE 40065000

Symbol: GPIO_PORTP_BASE
   Definitions
      At line 38 in file src\gpio_modificado.s
   Uses
      At line 160 in file src\gpio_modificado.s
      At line 163 in file src\gpio_modificado.s
      At line 166 in file src\gpio_modificado.s
      At line 171 in file src\gpio_modificado.s
      At line 176 in file src\gpio_modificado.s
      At line 259 in file src\gpio_modificado.s
      At line 272 in file src\gpio_modificado.s

GPIO_PORTQ 00004000

Symbol: GPIO_PORTQ
   Definitions
      At line 46 in file src\gpio_modificado.s
   Uses
      At line 93 in file src\gpio_modificado.s
Comment: GPIO_PORTQ used once
GPIO_PORTQ_BASE 40066000

Symbol: GPIO_PORTQ_BASE
   Definitions
      At line 39 in file src\gpio_modificado.s
   Uses
      At line 184 in file src\gpio_modificado.s
      At line 187 in file src\gpio_modificado.s
      At line 190 in file src\gpio_modificado.s
      At line 195 in file src\gpio_modificado.s
      At line 200 in file src\gpio_modificado.s
      At line 219 in file src\gpio_modificado.s
      At line 227 in file src\gpio_modificado.s
      At line 236 in file src\gpio_modificado.s

LOCK_OFFSET 00000520

Symbol: LOCK_OFFSET
   Definitions
      At line 22 in file src\gpio_modificado.s
   Uses
      None
Comment: LOCK_OFFSET unused
PCTL_OFFSET 0000052C

Symbol: PCTL_OFFSET
   Definitions
      At line 25 in file src\gpio_modificado.s
   Uses
      At line 113 in file src\gpio_modificado.s
      At line 141 in file src\gpio_modificado.s
      At line 163 in file src\gpio_modificado.s



ARM Macro Assembler    Page 5 Alphabetic symbol ordering
Absolute symbols

      At line 187 in file src\gpio_modificado.s

PUR_OFFSET 00000510

Symbol: PUR_OFFSET
   Definitions
      At line 29 in file src\gpio_modificado.s
   Uses
      None
Comment: PUR_OFFSET unused
SYSCTL_PRGPIO_R 400FEA08

Symbol: SYSCTL_PRGPIO_R
   Definitions
      At line 17 in file src\gpio_modificado.s
   Uses
      At line 98 in file src\gpio_modificado.s
Comment: SYSCTL_PRGPIO_R used once
SYSCTL_RCGCGPIO_R 400FE608

Symbol: SYSCTL_RCGCGPIO_R
   Definitions
      At line 16 in file src\gpio_modificado.s
   Uses
      At line 69 in file src\gpio_modificado.s
Comment: SYSCTL_RCGCGPIO_R used once
26 symbols
372 symbols in table
